2026-02-11 17:38:24 | Location cache missing or outdated. Rebuilding...
2026-02-11 17:38:24 | Building location cache
2026-02-11 17:38:26 | Geocoded Umuahia, Abia, Nigeria
2026-02-11 17:38:27 | Geocoded Uyo, Akwa Ibom, Nigeria
2026-02-11 17:38:29 | Geocoded Yola, Adamawa, Nigeria
2026-02-11 17:38:31 | Geocoded Awka, Anambra, Nigeria
2026-02-11 17:38:32 | Geocoded Yenagoa, Bayelsa, Nigeria
2026-02-11 17:38:34 | Geocoded Makurdi, Benue, Nigeria
2026-02-11 17:38:35 | Geocoded Calabar, Cross River, Nigeria
2026-02-11 17:38:37 | Geocoded Asaba, Delta, Nigeria
2026-02-11 17:38:38 | Geocoded Benin City, Edo, Nigeria
2026-02-11 17:38:39 | Geocoded Ado Ekiti, Ekiti, Nigeria
2026-02-11 17:38:41 | Geocoded Enugu, Enugu, Nigeria
2026-02-11 17:38:42 | Geocoded Dutse, Jigawa, Nigeria
2026-02-11 17:38:44 | Geocoded Kaduna, Kaduna, Nigeria
2026-02-11 17:38:45 | Geocoded Kano, Kano, Nigeria
2026-02-11 17:38:47 | Geocoded Birnin Kebbi, Kebbi, Nigeria
2026-02-11 17:38:48 | Geocoded Lokoja, Kogi, Nigeria
2026-02-11 17:38:50 | Geocoded Ilorin, Kwara, Nigeria
2026-02-11 17:38:52 | Geocoded Ikeja, Lagos, Nigeria
2026-02-11 17:38:53 | Geocoded Owerri, Imo, Nigeria
2026-02-11 17:38:55 | Geocoded Abeokuta, Ogun, Nigeria
2026-02-11 17:38:56 | Geocoded Sagamu, Ogun State, Nigeria
2026-02-11 17:38:58 | Geocoded Akure, Ondo, Nigeria
2026-02-11 17:38:59 | Geocoded Osogbo, Osun, Nigeria
2026-02-11 17:39:01 | Geocoded Jos, Plateau, Nigeria
2026-02-11 17:39:02 | Geocoded Port Harcourt, Rivers, Nigeria
2026-02-11 17:39:04 | Geocoded Ibadan, Oyo, Nigeria
2026-02-11 17:39:05 | Geocoded Jalingo, Taraba, Nigeria
2026-02-11 17:39:05 | Weather monitor started
2026-02-11 17:39:08 | [2026-02-11 17:39:05] Umuahia, Abia, Nigeria | Weather: Overcast clouds | Temp: 27.47°C (Feels 29.37°C) | Hum: 67% | Wind: 3.9 m/s | Rain Chance: 47% (MODERATE Risk)
2026-02-11 17:39:12 | [2026-02-11 17:39:05] Uyo, Akwa Ibom, Nigeria | Weather: Overcast clouds | Temp: 29.89°C (Feels 33.02°C) | Hum: 62% | Wind: 4.5 m/s | Rain Chance: 68% (MODERATE Risk)
2026-02-11 17:39:15 | [2026-02-11 17:39:05] Yola, Adamawa, Nigeria | Weather: Clear sky | Temp: 37.99°C (Feels 37.36°C) | Hum: 23% | Wind: 4.12 m/s | Rain Chance: 0% (LOW Risk)
2026-02-11 17:39:17 | [2026-02-11 17:39:05] Awka, Anambra, Nigeria | Weather: Broken clouds | Temp: 32.41°C (Feels 33.48°C) | Hum: 43% | Wind: 3.91 m/s | Rain Chance: 2% (LOW Risk)
2026-02-11 17:39:20 | [2026-02-11 17:39:05] Yenagoa, Bayelsa, Nigeria | Weather: Overcast clouds | Temp: 28.58°C (Feels 32°C) | Hum: 71% | Wind: 3.08 m/s | Rain Chance: 96% (HIGH Risk)
2026-02-11 17:39:23 | [2026-02-11 17:39:05] Makurdi, Benue, Nigeria | Weather: Scattered clouds | Temp: 37.32°C (Feels 35.61°C) | Hum: 19% | Wind: 0.7 m/s | Rain Chance: 0% (LOW Risk)
2026-02-11 17:39:26 | [2026-02-11 17:39:05] Calabar, Cross River, Nigeria | Weather: Overcast clouds | Temp: 29.84°C (Feels 32.92°C) | Hum: 62% | Wind: 3.88 m/s | Rain Chance: 62% (MODERATE Risk)
2026-02-11 17:39:30 | [2026-02-11 17:39:05] Asaba, Delta, Nigeria | Weather: Broken clouds | Temp: 33.58°C (Feels 34.72°C) | Hum: 40% | Wind: 2.94 m/s | Rain Chance: 6% (LOW Risk)
2026-02-11 17:39:33 | [2026-02-11 17:39:05] Benin City, Edo, Nigeria | Weather: Overcast clouds | Temp: 29.58°C (Feels 32.42°C) | Hum: 62% | Wind: 3.09 m/s | Rain Chance: 38% (LOW Risk)
2026-02-11 17:39:37 | [2026-02-11 17:39:05] Ado Ekiti, Ekiti, Nigeria | Weather: Overcast clouds | Temp: 31.55°C (Feels 31.19°C) | Hum: 37% | Wind: 2.37 m/s | Rain Chance: 4% (LOW Risk)
2026-02-11 17:39:40 | [2026-02-11 17:39:05] Enugu, Enugu, Nigeria | Weather: Broken clouds | Temp: 33.74°C (Feels 38.49°C) | Hum: 52% | Wind: 3.09 m/s | Rain Chance: 2% (LOW Risk)
2026-02-11 17:39:43 | [2026-02-11 17:39:05] Dutse, Jigawa, Nigeria | Weather: Broken clouds | Temp: 32.87°C (Feels 30.56°C) | Hum: 6% | Wind: 3.46 m/s | Rain Chance: 0% (LOW Risk)
2026-02-11 17:39:46 | [2026-02-11 17:39:05] Kaduna, Kaduna, Nigeria | Weather: Broken clouds | Temp: 34.02°C (Feels 31.48°C) | Hum: 7% | Wind: 2.74 m/s | Rain Chance: 0% (LOW Risk)
2026-02-11 17:39:49 | [2026-02-11 17:39:05] Kano, Kano, Nigeria | Weather: Clear sky | Temp: 36.92°C (Feels 34.43°C) | Hum: 14% | Wind: 2.57 m/s | Rain Chance: 0% (LOW Risk)
2026-02-11 17:39:52 | [2026-02-11 17:39:05] Birnin Kebbi, Kebbi, Nigeria | Weather: Overcast clouds | Temp: 36.71°C (Feels 33.82°C) | Hum: 9% | Wind: 3.29 m/s | Rain Chance: 0% (LOW Risk)
2026-02-11 17:39:54 | [2026-02-11 17:39:05] Lokoja, Kogi, Nigeria | Weather: Overcast clouds | Temp: 37.33°C (Feels 36°C) | Hum: 21% | Wind: 1.29 m/s | Rain Chance: 0% (LOW Risk)
2026-02-11 17:39:57 | [2026-02-11 17:39:05] Ilorin, Kwara, Nigeria | Weather: Thunderstorm | Temp: 32.16°C (Feels 34.91°C) | Hum: 51% | Wind: 0 m/s | Rain Chance: 0% (LOW Risk)
2026-02-11 17:40:00 | [2026-02-11 17:39:05] Ikeja, Lagos, Nigeria | Weather: Scattered clouds | Temp: 31.94°C (Feels 37.54°C) | Hum: 62% | Wind: 6.69 m/s | Rain Chance: 3% (LOW Risk)
2026-02-11 17:40:04 | [2026-02-11 17:39:05] Owerri, Imo, Nigeria | Weather: Overcast clouds | Temp: 26.85°C (Feels 29.08°C) | Hum: 76% | Wind: 4.15 m/s | Rain Chance: 57% (MODERATE Risk)
2026-02-11 17:40:06 | [2026-02-11 17:39:05] Abeokuta, Ogun, Nigeria | Weather: Overcast clouds | Temp: 31.4°C (Feels 34.19°C) | Hum: 54% | Wind: 4.34 m/s | Rain Chance: 25% (LOW Risk)
2026-02-11 17:40:09 | [2026-02-11 17:39:05] Sagamu, Ogun State, Nigeria | Weather: Overcast clouds | Temp: 29.55°C (Feels 32.36°C) | Hum: 62% | Wind: 3.69 m/s | Rain Chance: 13% (LOW Risk)
2026-02-11 17:40:11 | [2026-02-11 17:39:05] Akure, Ondo, Nigeria | Weather: Overcast clouds | Temp: 29.54°C (Feels 30.98°C) | Hum: 54% | Wind: 2.52 m/s | Rain Chance: 5% (LOW Risk)
2026-02-11 17:40:14 | [2026-02-11 17:39:05] Osogbo, Osun, Nigeria | Weather: Overcast clouds | Temp: 28.82°C (Feels 29.31°C) | Hum: 49% | Wind: 3.18 m/s | Rain Chance: 11% (LOW Risk)
2026-02-11 17:40:17 | [2026-02-11 17:39:05] Jos, Plateau, Nigeria | Weather: Broken clouds | Temp: 28.97°C (Feels 27.36°C) | Hum: 8% | Wind: 2.95 m/s | Rain Chance: 0% (LOW Risk)
2026-02-11 17:40:21 | [2026-02-11 17:39:05] Port Harcourt, Rivers, Nigeria | Weather: Overcast clouds | Temp: 30.23°C (Feels 33.28°C) | Hum: 60% | Wind: 4.69 m/s | Rain Chance: 77% (HIGH Risk)
2026-02-11 17:40:23 | [2026-02-11 17:39:05] Ibadan, Oyo, Nigeria | Weather: Scattered clouds | Temp: 33.04°C (Feels 37.9°C) | Hum: 55% | Wind: 5.66 m/s | Rain Chance: 38% (LOW Risk)
2026-02-11 17:40:26 | [2026-02-11 17:39:05] Jalingo, Taraba, Nigeria | Weather: Few clouds | Temp: 35.46°C (Feels 32.74°C) | Hum: 10% | Wind: 2.33 m/s | Rain Chance: 0% (LOW Risk)
2026-02-11 17:40:26 | Sleeping for 1 hour...
2026-02-11 18:02:48 | Weather monitor started
2026-02-11 18:02:50 | [2026-02-11 18:02:48] Umuahia, Abia, Nigeria | Weather: Overcast clouds | Temp: 27.47°C (Feels 29.37°C) | Hum: 67% | Wind: 3.9 m/s | Rain Chance: 47% (MODERATE Risk)
2026-02-11 18:02:51 | [2026-02-11 18:02:48] Uyo, Akwa Ibom, Nigeria | Weather: Overcast clouds | Temp: 29.89°C (Feels 33.02°C) | Hum: 62% | Wind: 4.5 m/s | Rain Chance: 68% (MODERATE Risk)
2026-02-11 18:02:52 | [2026-02-11 18:02:48] Yola, Adamawa, Nigeria | Weather: Clear sky | Temp: 37.99°C (Feels 37.36°C) | Hum: 23% | Wind: 4.12 m/s | Rain Chance: 0% (LOW Risk)
2026-02-11 18:02:54 | [2026-02-11 18:02:48] Awka, Anambra, Nigeria | Weather: Broken clouds | Temp: 32.41°C (Feels 33.48°C) | Hum: 43% | Wind: 3.91 m/s | Rain Chance: 2% (LOW Risk)
2026-02-11 18:02:55 | [2026-02-11 18:02:48] Yenagoa, Bayelsa, Nigeria | Weather: Overcast clouds | Temp: 28.58°C (Feels 32°C) | Hum: 71% | Wind: 3.08 m/s | Rain Chance: 96% (HIGH Risk)
2026-02-11 18:02:57 | [2026-02-11 18:02:48] Makurdi, Benue, Nigeria | Weather: Scattered clouds | Temp: 37.32°C (Feels 35.61°C) | Hum: 19% | Wind: 0.7 m/s | Rain Chance: 0% (LOW Risk)
2026-02-11 18:02:59 | [2026-02-11 18:02:48] Calabar, Cross River, Nigeria | Weather: Overcast clouds | Temp: 29.84°C (Feels 32.92°C) | Hum: 62% | Wind: 3.88 m/s | Rain Chance: 62% (MODERATE Risk)
2026-02-11 18:03:00 | [2026-02-11 18:02:48] Asaba, Delta, Nigeria | Weather: Broken clouds | Temp: 33.58°C (Feels 34.72°C) | Hum: 40% | Wind: 2.94 m/s | Rain Chance: 6% (LOW Risk)
2026-02-11 18:03:02 | [2026-02-11 18:02:48] Benin City, Edo, Nigeria | Weather: Overcast clouds | Temp: 29.58°C (Feels 32.42°C) | Hum: 62% | Wind: 3.09 m/s | Rain Chance: 38% (LOW Risk)
2026-02-11 18:03:03 | [2026-02-11 18:02:48] Ado Ekiti, Ekiti, Nigeria | Weather: Overcast clouds | Temp: 31.55°C (Feels 31.19°C) | Hum: 37% | Wind: 2.37 m/s | Rain Chance: 4% (LOW Risk)
2026-02-11 18:03:04 | [2026-02-11 18:02:48] Enugu, Enugu, Nigeria | Weather: Broken clouds | Temp: 33.74°C (Feels 38.49°C) | Hum: 52% | Wind: 3.09 m/s | Rain Chance: 2% (LOW Risk)
2026-02-11 18:03:06 | [2026-02-11 18:02:48] Dutse, Jigawa, Nigeria | Weather: Broken clouds | Temp: 32.87°C (Feels 30.56°C) | Hum: 6% | Wind: 3.46 m/s | Rain Chance: 0% (LOW Risk)
2026-02-11 18:03:07 | [2026-02-11 18:02:48] Kaduna, Kaduna, Nigeria | Weather: Broken clouds | Temp: 34.02°C (Feels 31.48°C) | Hum: 7% | Wind: 2.74 m/s | Rain Chance: 0% (LOW Risk)
2026-02-11 18:03:08 | [2026-02-11 18:02:48] Kano, Kano, Nigeria | Weather: Clear sky | Temp: 36.92°C (Feels 34.43°C) | Hum: 14% | Wind: 2.57 m/s | Rain Chance: 0% (LOW Risk)
2026-02-11 18:03:09 | [2026-02-11 18:02:48] Birnin Kebbi, Kebbi, Nigeria | Weather: Overcast clouds | Temp: 36.71°C (Feels 33.82°C) | Hum: 9% | Wind: 3.29 m/s | Rain Chance: 0% (LOW Risk)
2026-02-11 18:03:10 | [2026-02-11 18:02:48] Lokoja, Kogi, Nigeria | Weather: Overcast clouds | Temp: 37.33°C (Feels 36°C) | Hum: 21% | Wind: 1.29 m/s | Rain Chance: 0% (LOW Risk)
2026-02-11 18:03:11 | [2026-02-11 18:02:48] Ilorin, Kwara, Nigeria | Weather: Thunderstorm | Temp: 32.16°C (Feels 34.91°C) | Hum: 51% | Wind: 0 m/s | Rain Chance: 0% (LOW Risk)
2026-02-11 18:03:13 | [2026-02-11 18:02:48] Ikeja, Lagos, Nigeria | Weather: Scattered clouds | Temp: 31.94°C (Feels 37.54°C) | Hum: 62% | Wind: 6.69 m/s | Rain Chance: 3% (LOW Risk)
2026-02-11 18:03:14 | [2026-02-11 18:02:48] Owerri, Imo, Nigeria | Weather: Overcast clouds | Temp: 26.85°C (Feels 29.08°C) | Hum: 76% | Wind: 4.15 m/s | Rain Chance: 57% (MODERATE Risk)
2026-02-11 18:03:16 | [2026-02-11 18:02:48] Abeokuta, Ogun, Nigeria | Weather: Overcast clouds | Temp: 31.4°C (Feels 34.19°C) | Hum: 54% | Wind: 4.34 m/s | Rain Chance: 25% (LOW Risk)
2026-02-11 18:03:18 | [2026-02-11 18:02:48] Sagamu, Ogun State, Nigeria | Weather: Overcast clouds | Temp: 29.55°C (Feels 32.36°C) | Hum: 62% | Wind: 3.69 m/s | Rain Chance: 13% (LOW Risk)
2026-02-11 18:03:19 | [2026-02-11 18:02:48] Akure, Ondo, Nigeria | Weather: Overcast clouds | Temp: 29.54°C (Feels 30.98°C) | Hum: 54% | Wind: 2.52 m/s | Rain Chance: 5% (LOW Risk)
2026-02-11 18:03:20 | [2026-02-11 18:02:48] Osogbo, Osun, Nigeria | Weather: Overcast clouds | Temp: 28.82°C (Feels 29.31°C) | Hum: 49% | Wind: 3.18 m/s | Rain Chance: 11% (LOW Risk)
2026-02-11 18:03:21 | [2026-02-11 18:02:48] Jos, Plateau, Nigeria | Weather: Broken clouds | Temp: 28.97°C (Feels 27.36°C) | Hum: 8% | Wind: 2.95 m/s | Rain Chance: 0% (LOW Risk)
2026-02-11 18:03:23 | [2026-02-11 18:02:48] Port Harcourt, Rivers, Nigeria | Weather: Overcast clouds | Temp: 30.23°C (Feels 33.28°C) | Hum: 60% | Wind: 4.69 m/s | Rain Chance: 77% (HIGH Risk)
2026-02-11 18:03:24 | [2026-02-11 18:02:48] Ibadan, Oyo, Nigeria | Weather: Scattered clouds | Temp: 33.04°C (Feels 37.9°C) | Hum: 55% | Wind: 5.66 m/s | Rain Chance: 38% (LOW Risk)
2026-02-11 18:03:25 | [2026-02-11 18:02:48] Jalingo, Taraba, Nigeria | Weather: Few clouds | Temp: 35.46°C (Feels 32.74°C) | Hum: 10% | Wind: 2.33 m/s | Rain Chance: 0% (LOW Risk)
2026-02-11 18:03:25 | Sleeping for 1 hour...
2026-02-11 18:18:23 | Weather monitor started
2026-02-11 18:18:25 | [2026-02-11 18:18:23] Umuahia, Abia, Nigeria | Weather: 27.47°C (Feels 29.37°C) | Overcast clouds | Humidity 67% | Wind 3.9 m/s | Clouds 99% | Rain Chance: 47% | Risk: MODERATE
2026-02-11 18:18:27 | [2026-02-11 18:18:23] Uyo, Akwa Ibom, Nigeria | Weather: 29.89°C (Feels 33.02°C) | Overcast clouds | Humidity 62% | Wind 4.5 m/s | Clouds 98% | Rain Chance: 68% | Risk: MODERATE
2026-02-11 18:18:29 | [2026-02-11 18:18:23] Yola, Adamawa, Nigeria | Weather: 36.99°C (Feels 36.66°C) | Clear sky | Humidity 26% | Wind 2.06 m/s | Clouds 0% | Rain Chance: 0% | Risk: LOW
2026-02-11 18:18:31 | [2026-02-11 18:18:23] Awka, Anambra, Nigeria | Weather: 32.41°C (Feels 33.48°C) | Broken clouds | Humidity 43% | Wind 3.91 m/s | Clouds 72% | Rain Chance: 2% | Risk: LOW
2026-02-11 18:18:33 | [2026-02-11 18:18:23] Yenagoa, Bayelsa, Nigeria | Weather: 28.58°C (Feels 32°C) | Overcast clouds | Humidity 71% | Wind 3.08 m/s | Clouds 95% | Rain Chance: 96% | Risk: HIGH
2026-02-11 18:18:35 | [2026-02-11 18:18:23] Makurdi, Benue, Nigeria | Weather: 37.32°C (Feels 35.61°C) | Scattered clouds | Humidity 19% | Wind 0.7 m/s | Clouds 35% | Rain Chance: 0% | Risk: LOW
2026-02-11 18:18:37 | [2026-02-11 18:18:23] Calabar, Cross River, Nigeria | Weather: 29.84°C (Feels 32.92°C) | Overcast clouds | Humidity 62% | Wind 3.88 m/s | Clouds 92% | Rain Chance: 62% | Risk: MODERATE
2026-02-11 18:18:39 | [2026-02-11 18:18:23] Asaba, Delta, Nigeria | Weather: 33.58°C (Feels 34.72°C) | Broken clouds | Humidity 40% | Wind 2.94 m/s | Clouds 75% | Rain Chance: 6% | Risk: LOW
2026-02-11 18:18:41 | [2026-02-11 18:18:23] Benin City, Edo, Nigeria | Weather: 29.59°C (Feels 32.44°C) | Overcast clouds | Humidity 62% | Wind 3.1 m/s | Clouds 100% | Rain Chance: 38% | Risk: LOW
2026-02-11 18:18:43 | [2026-02-11 18:18:23] Ado Ekiti, Ekiti, Nigeria | Weather: 31.55°C (Feels 31.19°C) | Overcast clouds | Humidity 37% | Wind 2.37 m/s | Clouds 96% | Rain Chance: 4% | Risk: LOW
2026-02-11 18:18:45 | [2026-02-11 18:18:23] Enugu, Enugu, Nigeria | Weather: 31.74°C (Feels 35.91°C) | Scattered clouds | Humidity 58% | Wind 3.09 m/s | Clouds 40% | Rain Chance: 2% | Risk: LOW
2026-02-11 18:18:46 | [2026-02-11 18:18:23] Dutse, Jigawa, Nigeria | Weather: 32.87°C (Feels 30.56°C) | Broken clouds | Humidity 6% | Wind 3.46 m/s | Clouds 66% | Rain Chance: 0% | Risk: LOW
2026-02-11 18:18:48 | [2026-02-11 18:18:23] Kaduna, Kaduna, Nigeria | Weather: 34.02°C (Feels 31.48°C) | Broken clouds | Humidity 7% | Wind 2.74 m/s | Clouds 81% | Rain Chance: 0% | Risk: LOW
2026-02-11 18:18:50 | [2026-02-11 18:18:23] Kano, Kano, Nigeria | Weather: 35.92°C (Feels 33.41°C) | Clear sky | Humidity 14% | Wind 3.09 m/s | Clouds 0% | Rain Chance: 0% | Risk: LOW
2026-02-11 18:18:52 | [2026-02-11 18:18:23] Birnin Kebbi, Kebbi, Nigeria | Weather: 36.71°C (Feels 33.82°C) | Overcast clouds | Humidity 9% | Wind 3.29 m/s | Clouds 100% | Rain Chance: 0% | Risk: LOW
2026-02-11 18:18:53 | [2026-02-11 18:18:23] Lokoja, Kogi, Nigeria | Weather: 37.33°C (Feels 36°C) | Overcast clouds | Humidity 21% | Wind 1.29 m/s | Clouds 95% | Rain Chance: 0% | Risk: LOW
2026-02-11 18:18:55 | [2026-02-11 18:18:23] Ilorin, Kwara, Nigeria | Weather: 32.16°C (Feels 34.18°C) | Thunderstorm | Humidity 48% | Wind 6.69 m/s | Clouds 40% | Rain Chance: 0% | Risk: LOW
2026-02-11 18:18:57 | [2026-02-11 18:18:23] Ikeja, Lagos, Nigeria | Weather: 30.94°C (Feels 36.29°C) | Few clouds | Humidity 66% | Wind 6.69 m/s | Clouds 20% | Rain Chance: 3% | Risk: LOW
2026-02-11 18:19:00 | [2026-02-11 18:18:23] Owerri, Imo, Nigeria | Weather: 26.85°C (Feels 29.08°C) | Overcast clouds | Humidity 76% | Wind 4.15 m/s | Clouds 87% | Rain Chance: 57% | Risk: MODERATE
2026-02-11 18:19:02 | [2026-02-11 18:18:23] Abeokuta, Ogun, Nigeria | Weather: 31.4°C (Feels 34.19°C) | Overcast clouds | Humidity 54% | Wind 4.34 m/s | Clouds 94% | Rain Chance: 25% | Risk: LOW
2026-02-11 18:19:04 | [2026-02-11 18:18:23] Sagamu, Ogun State, Nigeria | Weather: 29.55°C (Feels 32.36°C) | Overcast clouds | Humidity 62% | Wind 3.69 m/s | Clouds 89% | Rain Chance: 13% | Risk: LOW
2026-02-11 18:19:05 | [2026-02-11 18:18:23] Akure, Ondo, Nigeria | Weather: 29.54°C (Feels 30.98°C) | Overcast clouds | Humidity 54% | Wind 2.52 m/s | Clouds 100% | Rain Chance: 5% | Risk: LOW
2026-02-11 18:19:07 | [2026-02-11 18:18:23] Osogbo, Osun, Nigeria | Weather: 28.82°C (Feels 29.31°C) | Overcast clouds | Humidity 49% | Wind 3.18 m/s | Clouds 93% | Rain Chance: 11% | Risk: LOW
2026-02-11 18:19:09 | [2026-02-11 18:18:23] Jos, Plateau, Nigeria | Weather: 28.97°C (Feels 27.36°C) | Broken clouds | Humidity 8% | Wind 2.95 m/s | Clouds 62% | Rain Chance: 0% | Risk: LOW
2026-02-11 18:19:11 | [2026-02-11 18:18:23] Port Harcourt, Rivers, Nigeria | Weather: 30.22°C (Feels 33.26°C) | Overcast clouds | Humidity 60% | Wind 4.66 m/s | Clouds 92% | Rain Chance: 77% | Risk: HIGH
2026-02-11 18:19:13 | [2026-02-11 18:18:23] Ibadan, Oyo, Nigeria | Weather: 30.33°C (Feels 32.26°C) | Broken clouds | Humidity 54% | Wind 4.38 m/s | Clouds 63% | Rain Chance: 38% | Risk: LOW
2026-02-11 18:19:16 | [2026-02-11 18:18:23] Jalingo, Taraba, Nigeria | Weather: 35.46°C (Feels 32.74°C) | Few clouds | Humidity 10% | Wind 2.33 m/s | Clouds 13% | Rain Chance: 0% | Risk: LOW
2026-02-11 18:34:37 | INFO | Location cache loaded successfully.
2026-02-11 18:34:37 | INFO | Starting monitoring loop for 27 locations...
2026-02-11 18:34:39 | CRITICAL | Critical error in main loop: 'max_rain_prob'
Traceback (most recent call last):
  File "C:\Users\aaoko\weather_monitor_core\weather_monitor.py", line 269, in main
    log_msg += f"Rain Prob: {rain['max_rain_prob']}% ({rain['risk_level']} Risk)"
                             ~~~~^^^^^^^^^^^^^^^^^
KeyError: 'max_rain_prob'
2026-02-11 18:36:20 | INFO | Location cache loaded successfully.
2026-02-11 18:36:20 | INFO | Starting monitoring loop for 27 locations...
2026-02-11 18:36:23 | INFO | Umuahia, Abia, Nigeria: 25.91°C (Feels 26.57°C), Overcast clouds. Hum: 77%, Wind: 3.75m/s, Clouds: 99%. Rain Prob: 47% (MODERATE Risk)
2026-02-11 18:36:25 | INFO | Uyo, Akwa Ibom, Nigeria: 27.74°C (Feels 30.41°C), Overcast clouds. Hum: 72%, Wind: 3.58m/s, Clouds: 98%. Rain Prob: 68% (MODERATE Risk)
2026-02-11 18:36:28 | INFO | Yola, Adamawa, Nigeria: 36.99°C (Feels 36.66°C), Clear sky. Hum: 26%, Wind: 2.06m/s, Clouds: 0%. Rain Prob: 0% (LOW Risk)
2026-02-11 18:36:31 | INFO | Awka, Anambra, Nigeria: 31.06°C (Feels 32.14°C), Broken clouds. Hum: 47%, Wind: 3.66m/s, Clouds: 75%. Rain Prob: 2% (LOW Risk)
2026-02-11 18:36:35 | INFO | Yenagoa, Bayelsa, Nigeria: 27.14°C (Feels 29.85°C), Overcast clouds. Hum: 78%, Wind: 2.4m/s, Clouds: 88%. Rain Prob: 96% (HIGH Risk)
2026-02-11 18:36:38 | INFO | Makurdi, Benue, Nigeria: 34.38°C (Feels 32.58°C), Scattered clouds. Hum: 22%, Wind: 0.85m/s, Clouds: 32%. Rain Prob: 0% (LOW Risk)
2026-02-11 18:36:41 | INFO | Calabar, Cross River, Nigeria: 27.22°C (Feels 29.72°C), Overcast clouds. Hum: 75%, Wind: 2.87m/s, Clouds: 85%. Rain Prob: 62% (MODERATE Risk)
2026-02-11 18:36:44 | INFO | Asaba, Delta, Nigeria: 30.81°C (Feels 32.31°C), Broken clouds. Hum: 50%, Wind: 3.76m/s, Clouds: 74%. Rain Prob: 6% (LOW Risk)
2026-02-11 18:36:46 | INFO | Benin City, Edo, Nigeria: 28.15°C (Feels 30.68°C), Overcast clouds. Hum: 68%, Wind: 2.89m/s, Clouds: 100%. Rain Prob: 38% (LOW Risk)
2026-02-11 18:36:49 | INFO | Ado Ekiti, Ekiti, Nigeria: 29.05°C (Feels 29.85°C), Overcast clouds. Hum: 51%, Wind: 3.46m/s, Clouds: 97%. Rain Prob: 4% (LOW Risk)
2026-02-11 18:36:52 | INFO | Enugu, Enugu, Nigeria: 31.74°C (Feels 35.91°C), Scattered clouds. Hum: 58%, Wind: 3.09m/s, Clouds: 40%. Rain Prob: 2% (LOW Risk)
2026-02-11 18:36:54 | INFO | Dutse, Jigawa, Nigeria: 29.63°C (Feels 27.91°C), Broken clouds. Hum: 7%, Wind: 3.59m/s, Clouds: 72%. Rain Prob: 0% (LOW Risk)
2026-02-11 18:36:57 | INFO | Kaduna, Kaduna, Nigeria: 30.34°C (Feels 28.45°C), Broken clouds. Hum: 8%, Wind: 2.76m/s, Clouds: 84%. Rain Prob: 0% (LOW Risk)
2026-02-11 18:36:59 | INFO | Kano, Kano, Nigeria: 35.92°C (Feels 33.41°C), Clear sky. Hum: 14%, Wind: 3.09m/s, Clouds: 0%. Rain Prob: 0% (LOW Risk)
2026-02-11 18:37:02 | INFO | Birnin Kebbi, Kebbi, Nigeria: 34.05°C (Feels 31.5°C), Overcast clouds. Hum: 9%, Wind: 3.62m/s, Clouds: 100%. Rain Prob: 0% (LOW Risk)
2026-02-11 18:37:05 | INFO | Lokoja, Kogi, Nigeria: 34.21°C (Feels 32.77°C), Overcast clouds. Hum: 25%, Wind: 0.83m/s, Clouds: 96%. Rain Prob: 0% (LOW Risk)
2026-02-11 18:37:08 | INFO | Ilorin, Kwara, Nigeria: 32.16°C (Feels 34.18°C), Thunderstorm. Hum: 48%, Wind: 6.69m/s, Clouds: 40%. Rain Prob: 0% (LOW Risk)
2026-02-11 18:37:10 | INFO | Ikeja, Lagos, Nigeria: 30.94°C (Feels 36.29°C), Few clouds. Hum: 66%, Wind: 6.69m/s, Clouds: 20%. Rain Prob: 3% (LOW Risk)
2026-02-11 18:37:13 | INFO | Owerri, Imo, Nigeria: 26.69°C (Feels 28.84°C), Overcast clouds. Hum: 77%, Wind: 4.11m/s, Clouds: 88%. Rain Prob: 57% (MODERATE Risk)
2026-02-11 18:37:15 | INFO | Abeokuta, Ogun, Nigeria: 29.23°C (Feels 31.93°C), Overcast clouds. Hum: 63%, Wind: 4.8m/s, Clouds: 95%. Rain Prob: 25% (LOW Risk)
2026-02-11 18:37:18 | INFO | Sagamu, Ogun State, Nigeria: 28.18°C (Feels 30.88°C), Overcast clouds. Hum: 69%, Wind: 3.46m/s, Clouds: 91%. Rain Prob: 13% (LOW Risk)
2026-02-11 18:37:20 | INFO | Akure, Ondo, Nigeria: 27.99°C (Feels 29.44°C), Overcast clouds. Hum: 60%, Wind: 2.47m/s, Clouds: 100%. Rain Prob: 5% (LOW Risk)
2026-02-11 18:37:23 | INFO | Osogbo, Osun, Nigeria: 27.56°C (Feels 28.38°C), Overcast clouds. Hum: 55%, Wind: 3.33m/s, Clouds: 90%. Rain Prob: 11% (LOW Risk)
2026-02-11 18:37:26 | INFO | Jos, Plateau, Nigeria: 24.92°C (Feels 23.73°C), Broken clouds. Hum: 10%, Wind: 2.4m/s, Clouds: 56%. Rain Prob: 0% (LOW Risk)
2026-02-11 18:37:29 | INFO | Port Harcourt, Rivers, Nigeria: 28.83°C (Feels 31.84°C), Overcast clouds. Hum: 67%, Wind: 4.18m/s, Clouds: 92%. Rain Prob: 77% (HIGH Risk)
2026-02-11 18:37:31 | INFO | Ibadan, Oyo, Nigeria: 28.02°C (Feels 30.19°C), Broken clouds. Hum: 66%, Wind: 3.7m/s, Clouds: 69%. Rain Prob: 38% (LOW Risk)
2026-02-11 18:37:34 | INFO | Jalingo, Taraba, Nigeria: 31.63°C (Feels 29.45°C), Few clouds. Hum: 11%, Wind: 1.61m/s, Clouds: 12%. Rain Prob: 0% (LOW Risk)
2026-02-11 18:37:34 | INFO | Cycle complete. Sleeping for 3526 seconds.
2026-02-12 08:39:37 | Weather API error: HTTPSConnectionPool(host='api.openweathermap.org', port=443): Max retries exceeded with url: /data/2.5/weather?lat=5.5324032&lon=7.4924165&appid=484a342888eaf6fb50821ce2824d0f85&units=metric (Caused by NameResolutionError("HTTPSConnection(host='api.openweathermap.org', port=443): Failed to resolve 'api.openweathermap.org' ([Errno 11001] getaddrinfo failed)"))
2026-02-12 08:39:37 | Forecast API error for Umuahia, Abia, Nigeria: HTTPSConnectionPool(host='api.openweathermap.org', port=443): Max retries exceeded with url: /data/2.5/forecast?lat=5.5324032&lon=7.4924165&appid=484a342888eaf6fb50821ce2824d0f85&units=metric (Caused by NameResolutionError("HTTPSConnection(host='api.openweathermap.org', port=443): Failed to resolve 'api.openweathermap.org' ([Errno 11001] getaddrinfo failed)"))
2026-02-12 08:39:37 | [2026-02-12 08:39:37] Umuahia, Abia, Nigeria | 
2026-02-12 08:39:37 | Weather API error: HTTPSConnectionPool(host='api.openweathermap.org', port=443): Max retries exceeded with url: /data/2.5/weather?lat=4.990237&lon=7.9974399&appid=484a342888eaf6fb50821ce2824d0f85&units=metric (Caused by NameResolutionError("HTTPSConnection(host='api.openweathermap.org', port=443): Failed to resolve 'api.openweathermap.org' ([Errno 11001] getaddrinfo failed)"))
2026-02-12 08:39:37 | Forecast API error for Uyo, Akwa Ibom, Nigeria: HTTPSConnectionPool(host='api.openweathermap.org', port=443): Max retries exceeded with url: /data/2.5/forecast?lat=4.990237&lon=7.9974399&appid=484a342888eaf6fb50821ce2824d0f85&units=metric (Caused by NameResolutionError("HTTPSConnection(host='api.openweathermap.org', port=443): Failed to resolve 'api.openweathermap.org' ([Errno 11001] getaddrinfo failed)"))
2026-02-12 08:39:37 | [2026-02-12 08:39:37] Uyo, Akwa Ibom, Nigeria | 
2026-02-12 08:39:38 | Weather API error: HTTPSConnectionPool(host='api.openweathermap.org', port=443): Max retries exceeded with url: /data/2.5/weather?lat=9.2089255&lon=12.4802485&appid=484a342888eaf6fb50821ce2824d0f85&units=metric (Caused by NameResolutionError("HTTPSConnection(host='api.openweathermap.org', port=443): Failed to resolve 'api.openweathermap.org' ([Errno 11001] getaddrinfo failed)"))
2026-02-12 08:39:38 | Forecast API error for Yola, Adamawa, Nigeria: HTTPSConnectionPool(host='api.openweathermap.org', port=443): Max retries exceeded with url: /data/2.5/forecast?lat=9.2089255&lon=12.4802485&appid=484a342888eaf6fb50821ce2824d0f85&units=metric (Caused by NameResolutionError("HTTPSConnection(host='api.openweathermap.org', port=443): Failed to resolve 'api.openweathermap.org' ([Errno 11001] getaddrinfo failed)"))
2026-02-12 08:39:38 | [2026-02-12 08:39:37] Yola, Adamawa, Nigeria | 
2026-02-12 08:39:38 | Weather API error: HTTPSConnectionPool(host='api.openweathermap.org', port=443): Max retries exceeded with url: /data/2.5/weather?lat=6.218947&lon=7.0774372&appid=484a342888eaf6fb50821ce2824d0f85&units=metric (Caused by NameResolutionError("HTTPSConnection(host='api.openweathermap.org', port=443): Failed to resolve 'api.openweathermap.org' ([Errno 11001] getaddrinfo failed)"))
2026-02-12 08:39:38 | Forecast API error for Awka, Anambra, Nigeria: HTTPSConnectionPool(host='api.openweathermap.org', port=443): Max retries exceeded with url: /data/2.5/forecast?lat=6.218947&lon=7.0774372&appid=484a342888eaf6fb50821ce2824d0f85&units=metric (Caused by NameResolutionError("HTTPSConnection(host='api.openweathermap.org', port=443): Failed to resolve 'api.openweathermap.org' ([Errno 11001] getaddrinfo failed)"))
2026-02-12 08:39:38 | [2026-02-12 08:39:37] Awka, Anambra, Nigeria | 
2026-02-12 08:39:38 | Weather API error: HTTPSConnectionPool(host='api.openweathermap.org', port=443): Max retries exceeded with url: /data/2.5/weather?lat=4.9334651&lon=6.2747786&appid=484a342888eaf6fb50821ce2824d0f85&units=metric (Caused by NameResolutionError("HTTPSConnection(host='api.openweathermap.org', port=443): Failed to resolve 'api.openweathermap.org' ([Errno 11001] getaddrinfo failed)"))
2026-02-12 08:39:38 | Forecast API error for Yenagoa, Bayelsa, Nigeria: HTTPSConnectionPool(host='api.openweathermap.org', port=443): Max retries exceeded with url: /data/2.5/forecast?lat=4.9334651&lon=6.2747786&appid=484a342888eaf6fb50821ce2824d0f85&units=metric (Caused by NameResolutionError("HTTPSConnection(host='api.openweathermap.org', port=443): Failed to resolve 'api.openweathermap.org' ([Errno 11001] getaddrinfo failed)"))
2026-02-12 08:39:38 | [2026-02-12 08:39:37] Yenagoa, Bayelsa, Nigeria | 
2026-02-12 08:39:38 | Weather API error: HTTPSConnectionPool(host='api.openweathermap.org', port=443): Max retries exceeded with url: /data/2.5/weather?lat=7.7312634&lon=8.538425&appid=484a342888eaf6fb50821ce2824d0f85&units=metric (Caused by NameResolutionError("HTTPSConnection(host='api.openweathermap.org', port=443): Failed to resolve 'api.openweathermap.org' ([Errno 11001] getaddrinfo failed)"))
2026-02-12 08:39:38 | Forecast API error for Makurdi, Benue, Nigeria: HTTPSConnectionPool(host='api.openweathermap.org', port=443): Max retries exceeded with url: /data/2.5/forecast?lat=7.7312634&lon=8.538425&appid=484a342888eaf6fb50821ce2824d0f85&units=metric (Caused by NameResolutionError("HTTPSConnection(host='api.openweathermap.org', port=443): Failed to resolve 'api.openweathermap.org' ([Errno 11001] getaddrinfo failed)"))
2026-02-12 08:39:38 | [2026-02-12 08:39:37] Makurdi, Benue, Nigeria | 
2026-02-12 08:39:38 | Weather API error: HTTPSConnectionPool(host='api.openweathermap.org', port=443): Max retries exceeded with url: /data/2.5/weather?lat=4.9795999&lon=8.3373597&appid=484a342888eaf6fb50821ce2824d0f85&units=metric (Caused by NameResolutionError("HTTPSConnection(host='api.openweathermap.org', port=443): Failed to resolve 'api.openweathermap.org' ([Errno 11001] getaddrinfo failed)"))
2026-02-12 08:39:38 | Forecast API error for Calabar, Cross River, Nigeria: HTTPSConnectionPool(host='api.openweathermap.org', port=443): Max retries exceeded with url: /data/2.5/forecast?lat=4.9795999&lon=8.3373597&appid=484a342888eaf6fb50821ce2824d0f85&units=metric (Caused by NameResolutionError("HTTPSConnection(host='api.openweathermap.org', port=443): Failed to resolve 'api.openweathermap.org' ([Errno 11001] getaddrinfo failed)"))
2026-02-12 08:39:38 | [2026-02-12 08:39:37] Calabar, Cross River, Nigeria | 
2026-02-12 08:39:38 | Weather API error: HTTPSConnectionPool(host='api.openweathermap.org', port=443): Max retries exceeded with url: /data/2.5/weather?lat=6.1858825&lon=6.7297071&appid=484a342888eaf6fb50821ce2824d0f85&units=metric (Caused by NameResolutionError("HTTPSConnection(host='api.openweathermap.org', port=443): Failed to resolve 'api.openweathermap.org' ([Errno 11001] getaddrinfo failed)"))
2026-02-12 08:39:38 | Forecast API error for Asaba, Delta, Nigeria: HTTPSConnectionPool(host='api.openweathermap.org', port=443): Max retries exceeded with url: /data/2.5/forecast?lat=6.1858825&lon=6.7297071&appid=484a342888eaf6fb50821ce2824d0f85&units=metric (Caused by NameResolutionError("HTTPSConnection(host='api.openweathermap.org', port=443): Failed to resolve 'api.openweathermap.org' ([Errno 11001] getaddrinfo failed)"))
2026-02-12 08:39:38 | [2026-02-12 08:39:37] Asaba, Delta, Nigeria | 
2026-02-12 08:39:38 | Weather API error: HTTPSConnectionPool(host='api.openweathermap.org', port=443): Max retries exceeded with url: /data/2.5/weather?lat=6.3330586&lon=5.6221058&appid=484a342888eaf6fb50821ce2824d0f85&units=metric (Caused by NameResolutionError("HTTPSConnection(host='api.openweathermap.org', port=443): Failed to resolve 'api.openweathermap.org' ([Errno 11001] getaddrinfo failed)"))
2026-02-12 08:39:38 | Forecast API error for Benin City, Edo, Nigeria: HTTPSConnectionPool(host='api.openweathermap.org', port=443): Max retries exceeded with url: /data/2.5/forecast?lat=6.3330586&lon=5.6221058&appid=484a342888eaf6fb50821ce2824d0f85&units=metric (Caused by NameResolutionError("HTTPSConnection(host='api.openweathermap.org', port=443): Failed to resolve 'api.openweathermap.org' ([Errno 11001] getaddrinfo failed)"))
2026-02-12 08:39:38 | [2026-02-12 08:39:37] Benin City, Edo, Nigeria | 
2026-02-12 08:39:38 | Weather API error: HTTPSConnectionPool(host='api.openweathermap.org', port=443): Max retries exceeded with url: /data/2.5/weather?lat=7.6232482&lon=5.22274&appid=484a342888eaf6fb50821ce2824d0f85&units=metric (Caused by NameResolutionError("HTTPSConnection(host='api.openweathermap.org', port=443): Failed to resolve 'api.openweathermap.org' ([Errno 11001] getaddrinfo failed)"))
2026-02-12 08:39:38 | Forecast API error for Ado Ekiti, Ekiti, Nigeria: HTTPSConnectionPool(host='api.openweathermap.org', port=443): Max retries exceeded with url: /data/2.5/forecast?lat=7.6232482&lon=5.22274&appid=484a342888eaf6fb50821ce2824d0f85&units=metric (Caused by NameResolutionError("HTTPSConnection(host='api.openweathermap.org', port=443): Failed to resolve 'api.openweathermap.org' ([Errno 11001] getaddrinfo failed)"))
2026-02-12 08:39:38 | [2026-02-12 08:39:37] Ado Ekiti, Ekiti, Nigeria | 
2026-02-12 08:39:38 | Weather API error: HTTPSConnectionPool(host='api.openweathermap.org', port=443): Max retries exceeded with url: /data/2.5/weather?lat=6.4496519&lon=7.5136856&appid=484a342888eaf6fb50821ce2824d0f85&units=metric (Caused by NameResolutionError("HTTPSConnection(host='api.openweathermap.org', port=443): Failed to resolve 'api.openweathermap.org' ([Errno 11001] getaddrinfo failed)"))
2026-02-12 08:39:38 | Forecast API error for Enugu, Enugu, Nigeria: HTTPSConnectionPool(host='api.openweathermap.org', port=443): Max retries exceeded with url: /data/2.5/forecast?lat=6.4496519&lon=7.5136856&appid=484a342888eaf6fb50821ce2824d0f85&units=metric (Caused by NameResolutionError("HTTPSConnection(host='api.openweathermap.org', port=443): Failed to resolve 'api.openweathermap.org' ([Errno 11001] getaddrinfo failed)"))
2026-02-12 08:39:38 | [2026-02-12 08:39:37] Enugu, Enugu, Nigeria | 
2026-02-12 08:39:38 | Weather API error: HTTPSConnectionPool(host='api.openweathermap.org', port=443): Max retries exceeded with url: /data/2.5/weather?lat=11.6909859&lon=9.3390747&appid=484a342888eaf6fb50821ce2824d0f85&units=metric (Caused by NameResolutionError("HTTPSConnection(host='api.openweathermap.org', port=443): Failed to resolve 'api.openweathermap.org' ([Errno 11001] getaddrinfo failed)"))
2026-02-12 08:39:38 | Forecast API error for Dutse, Jigawa, Nigeria: HTTPSConnectionPool(host='api.openweathermap.org', port=443): Max retries exceeded with url: /data/2.5/forecast?lat=11.6909859&lon=9.3390747&appid=484a342888eaf6fb50821ce2824d0f85&units=metric (Caused by NameResolutionError("HTTPSConnection(host='api.openweathermap.org', port=443): Failed to resolve 'api.openweathermap.org' ([Errno 11001] getaddrinfo failed)"))
2026-02-12 08:39:38 | [2026-02-12 08:39:37] Dutse, Jigawa, Nigeria | 
2026-02-12 08:39:38 | Weather API error: HTTPSConnectionPool(host='api.openweathermap.org', port=443): Max retries exceeded with url: /data/2.5/weather?lat=10.5182899&lon=7.4359863&appid=484a342888eaf6fb50821ce2824d0f85&units=metric (Caused by NameResolutionError("HTTPSConnection(host='api.openweathermap.org', port=443): Failed to resolve 'api.openweathermap.org' ([Errno 11001] getaddrinfo failed)"))
2026-02-12 08:39:38 | Forecast API error for Kaduna, Kaduna, Nigeria: HTTPSConnectionPool(host='api.openweathermap.org', port=443): Max retries exceeded with url: /data/2.5/forecast?lat=10.5182899&lon=7.4359863&appid=484a342888eaf6fb50821ce2824d0f85&units=metric (Caused by NameResolutionError("HTTPSConnection(host='api.openweathermap.org', port=443): Failed to resolve 'api.openweathermap.org' ([Errno 11001] getaddrinfo failed)"))
2026-02-12 08:39:38 | [2026-02-12 08:39:37] Kaduna, Kaduna, Nigeria | 
2026-02-12 08:39:38 | Weather API error: HTTPSConnectionPool(host='api.openweathermap.org', port=443): Max retries exceeded with url: /data/2.5/weather?lat=11.9939978&lon=8.5219738&appid=484a342888eaf6fb50821ce2824d0f85&units=metric (Caused by NameResolutionError("HTTPSConnection(host='api.openweathermap.org', port=443): Failed to resolve 'api.openweathermap.org' ([Errno 11001] getaddrinfo failed)"))
2026-02-12 08:39:38 | Forecast API error for Kano, Kano, Nigeria: HTTPSConnectionPool(host='api.openweathermap.org', port=443): Max retries exceeded with url: /data/2.5/forecast?lat=11.9939978&lon=8.5219738&appid=484a342888eaf6fb50821ce2824d0f85&units=metric (Caused by NameResolutionError("HTTPSConnection(host='api.openweathermap.org', port=443): Failed to resolve 'api.openweathermap.org' ([Errno 11001] getaddrinfo failed)"))
2026-02-12 08:39:38 | [2026-02-12 08:39:37] Kano, Kano, Nigeria | 
2026-02-12 08:39:38 | Weather API error: HTTPSConnectionPool(host='api.openweathermap.org', port=443): Max retries exceeded with url: /data/2.5/weather?lat=12.4573462&lon=4.2006114&appid=484a342888eaf6fb50821ce2824d0f85&units=metric (Caused by NameResolutionError("HTTPSConnection(host='api.openweathermap.org', port=443): Failed to resolve 'api.openweathermap.org' ([Errno 11001] getaddrinfo failed)"))
2026-02-12 08:39:38 | Forecast API error for Birnin Kebbi, Kebbi, Nigeria: HTTPSConnectionPool(host='api.openweathermap.org', port=443): Max retries exceeded with url: /data/2.5/forecast?lat=12.4573462&lon=4.2006114&appid=484a342888eaf6fb50821ce2824d0f85&units=metric (Caused by NameResolutionError("HTTPSConnection(host='api.openweathermap.org', port=443): Failed to resolve 'api.openweathermap.org' ([Errno 11001] getaddrinfo failed)"))
2026-02-12 08:39:38 | [2026-02-12 08:39:37] Birnin Kebbi, Kebbi, Nigeria | 
2026-02-12 08:39:38 | Weather API error: HTTPSConnectionPool(host='api.openweathermap.org', port=443): Max retries exceeded with url: /data/2.5/weather?lat=7.802355&lon=6.7430327&appid=484a342888eaf6fb50821ce2824d0f85&units=metric (Caused by NameResolutionError("HTTPSConnection(host='api.openweathermap.org', port=443): Failed to resolve 'api.openweathermap.org' ([Errno 11001] getaddrinfo failed)"))
2026-02-12 08:39:38 | Forecast API error for Lokoja, Kogi, Nigeria: HTTPSConnectionPool(host='api.openweathermap.org', port=443): Max retries exceeded with url: /data/2.5/forecast?lat=7.802355&lon=6.7430327&appid=484a342888eaf6fb50821ce2824d0f85&units=metric (Caused by NameResolutionError("HTTPSConnection(host='api.openweathermap.org', port=443): Failed to resolve 'api.openweathermap.org' ([Errno 11001] getaddrinfo failed)"))
2026-02-12 08:39:38 | [2026-02-12 08:39:37] Lokoja, Kogi, Nigeria | 
2026-02-12 08:39:38 | Weather API error: HTTPSConnectionPool(host='api.openweathermap.org', port=443): Max retries exceeded with url: /data/2.5/weather?lat=8.4963657&lon=4.5480484&appid=484a342888eaf6fb50821ce2824d0f85&units=metric (Caused by NameResolutionError("HTTPSConnection(host='api.openweathermap.org', port=443): Failed to resolve 'api.openweathermap.org' ([Errno 11001] getaddrinfo failed)"))
2026-02-12 08:39:38 | Forecast API error for Ilorin, Kwara, Nigeria: HTTPSConnectionPool(host='api.openweathermap.org', port=443): Max retries exceeded with url: /data/2.5/forecast?lat=8.4963657&lon=4.5480484&appid=484a342888eaf6fb50821ce2824d0f85&units=metric (Caused by NameResolutionError("HTTPSConnection(host='api.openweathermap.org', port=443): Failed to resolve 'api.openweathermap.org' ([Errno 11001] getaddrinfo failed)"))
2026-02-12 08:39:38 | [2026-02-12 08:39:37] Ilorin, Kwara, Nigeria | 
2026-02-12 08:39:38 | Weather API error: HTTPSConnectionPool(host='api.openweathermap.org', port=443): Max retries exceeded with url: /data/2.5/weather?lat=6.5974727&lon=3.3432815&appid=484a342888eaf6fb50821ce2824d0f85&units=metric (Caused by NameResolutionError("HTTPSConnection(host='api.openweathermap.org', port=443): Failed to resolve 'api.openweathermap.org' ([Errno 11001] getaddrinfo failed)"))
2026-02-12 08:39:38 | Forecast API error for Ikeja, Lagos, Nigeria: HTTPSConnectionPool(host='api.openweathermap.org', port=443): Max retries exceeded with url: /data/2.5/forecast?lat=6.5974727&lon=3.3432815&appid=484a342888eaf6fb50821ce2824d0f85&units=metric (Caused by NameResolutionError("HTTPSConnection(host='api.openweathermap.org', port=443): Failed to resolve 'api.openweathermap.org' ([Errno 11001] getaddrinfo failed)"))
2026-02-12 08:39:38 | [2026-02-12 08:39:37] Ikeja, Lagos, Nigeria | 
2026-02-12 08:39:38 | Weather API error: HTTPSConnectionPool(host='api.openweathermap.org', port=443): Max retries exceeded with url: /data/2.5/weather?lat=5.489736&lon=7.0341973&appid=484a342888eaf6fb50821ce2824d0f85&units=metric (Caused by NameResolutionError("HTTPSConnection(host='api.openweathermap.org', port=443): Failed to resolve 'api.openweathermap.org' ([Errno 11001] getaddrinfo failed)"))
2026-02-12 08:39:38 | Forecast API error for Owerri, Imo, Nigeria: HTTPSConnectionPool(host='api.openweathermap.org', port=443): Max retries exceeded with url: /data/2.5/forecast?lat=5.489736&lon=7.0341973&appid=484a342888eaf6fb50821ce2824d0f85&units=metric (Caused by NameResolutionError("HTTPSConnection(host='api.openweathermap.org', port=443): Failed to resolve 'api.openweathermap.org' ([Errno 11001] getaddrinfo failed)"))
2026-02-12 08:39:38 | [2026-02-12 08:39:37] Owerri, Imo, Nigeria | 
2026-02-12 08:39:38 | Weather API error: HTTPSConnectionPool(host='api.openweathermap.org', port=443): Max retries exceeded with url: /data/2.5/weather?lat=7.161&lon=3.348&appid=484a342888eaf6fb50821ce2824d0f85&units=metric (Caused by NameResolutionError("HTTPSConnection(host='api.openweathermap.org', port=443): Failed to resolve 'api.openweathermap.org' ([Errno 11001] getaddrinfo failed)"))
2026-02-12 08:39:38 | Forecast API error for Abeokuta, Ogun, Nigeria: HTTPSConnectionPool(host='api.openweathermap.org', port=443): Max retries exceeded with url: /data/2.5/forecast?lat=7.161&lon=3.348&appid=484a342888eaf6fb50821ce2824d0f85&units=metric (Caused by NameResolutionError("HTTPSConnection(host='api.openweathermap.org', port=443): Failed to resolve 'api.openweathermap.org' ([Errno 11001] getaddrinfo failed)"))
2026-02-12 08:39:38 | [2026-02-12 08:39:37] Abeokuta, Ogun, Nigeria | 
2026-02-12 08:39:38 | Weather API error: HTTPSConnectionPool(host='api.openweathermap.org', port=443): Max retries exceeded with url: /data/2.5/weather?lat=6.8477165&lon=3.6440551&appid=484a342888eaf6fb50821ce2824d0f85&units=metric (Caused by NameResolutionError("HTTPSConnection(host='api.openweathermap.org', port=443): Failed to resolve 'api.openweathermap.org' ([Errno 11001] getaddrinfo failed)"))
2026-02-12 08:39:39 | Forecast API error for Sagamu, Ogun State, Nigeria: HTTPSConnectionPool(host='api.openweathermap.org', port=443): Max retries exceeded with url: /data/2.5/forecast?lat=6.8477165&lon=3.6440551&appid=484a342888eaf6fb50821ce2824d0f85&units=metric (Caused by NameResolutionError("HTTPSConnection(host='api.openweathermap.org', port=443): Failed to resolve 'api.openweathermap.org' ([Errno 11001] getaddrinfo failed)"))
2026-02-12 08:39:39 | [2026-02-12 08:39:37] Sagamu, Ogun State, Nigeria | 
2026-02-12 08:39:39 | Weather API error: HTTPSConnectionPool(host='api.openweathermap.org', port=443): Max retries exceeded with url: /data/2.5/weather?lat=7.2525595&lon=5.1932647&appid=484a342888eaf6fb50821ce2824d0f85&units=metric (Caused by NameResolutionError("HTTPSConnection(host='api.openweathermap.org', port=443): Failed to resolve 'api.openweathermap.org' ([Errno 11001] getaddrinfo failed)"))
2026-02-12 08:39:39 | Forecast API error for Akure, Ondo, Nigeria: HTTPSConnectionPool(host='api.openweathermap.org', port=443): Max retries exceeded with url: /data/2.5/forecast?lat=7.2525595&lon=5.1932647&appid=484a342888eaf6fb50821ce2824d0f85&units=metric (Caused by NameResolutionError("HTTPSConnection(host='api.openweathermap.org', port=443): Failed to resolve 'api.openweathermap.org' ([Errno 11001] getaddrinfo failed)"))
2026-02-12 08:39:39 | [2026-02-12 08:39:37] Akure, Ondo, Nigeria | 
2026-02-12 08:39:39 | Weather API error: HTTPSConnectionPool(host='api.openweathermap.org', port=443): Max retries exceeded with url: /data/2.5/weather?lat=7.7583222&lon=4.5750447&appid=484a342888eaf6fb50821ce2824d0f85&units=metric (Caused by NameResolutionError("HTTPSConnection(host='api.openweathermap.org', port=443): Failed to resolve 'api.openweathermap.org' ([Errno 11001] getaddrinfo failed)"))
2026-02-12 08:39:39 | Forecast API error for Osogbo, Osun, Nigeria: HTTPSConnectionPool(host='api.openweathermap.org', port=443): Max retries exceeded with url: /data/2.5/forecast?lat=7.7583222&lon=4.5750447&appid=484a342888eaf6fb50821ce2824d0f85&units=metric (Caused by NameResolutionError("HTTPSConnection(host='api.openweathermap.org', port=443): Failed to resolve 'api.openweathermap.org' ([Errno 11001] getaddrinfo failed)"))
2026-02-12 08:39:39 | [2026-02-12 08:39:37] Osogbo, Osun, Nigeria | 
2026-02-12 08:39:39 | Weather API error: HTTPSConnectionPool(host='api.openweathermap.org', port=443): Max retries exceeded with url: /data/2.5/weather?lat=9.9175125&lon=8.8979401&appid=484a342888eaf6fb50821ce2824d0f85&units=metric (Caused by NameResolutionError("HTTPSConnection(host='api.openweathermap.org', port=443): Failed to resolve 'api.openweathermap.org' ([Errno 11001] getaddrinfo failed)"))
2026-02-12 08:39:39 | Forecast API error for Jos, Plateau, Nigeria: HTTPSConnectionPool(host='api.openweathermap.org', port=443): Max retries exceeded with url: /data/2.5/forecast?lat=9.9175125&lon=8.8979401&appid=484a342888eaf6fb50821ce2824d0f85&units=metric (Caused by NameResolutionError("HTTPSConnection(host='api.openweathermap.org', port=443): Failed to resolve 'api.openweathermap.org' ([Errno 11001] getaddrinfo failed)"))
2026-02-12 08:39:39 | [2026-02-12 08:39:37] Jos, Plateau, Nigeria | 
2026-02-12 08:39:39 | Weather API error: HTTPSConnectionPool(host='api.openweathermap.org', port=443): Max retries exceeded with url: /data/2.5/weather?lat=4.7676576&lon=7.0188527&appid=484a342888eaf6fb50821ce2824d0f85&units=metric (Caused by NameResolutionError("HTTPSConnection(host='api.openweathermap.org', port=443): Failed to resolve 'api.openweathermap.org' ([Errno 11001] getaddrinfo failed)"))
2026-02-12 08:39:39 | Forecast API error for Port Harcourt, Rivers, Nigeria: HTTPSConnectionPool(host='api.openweathermap.org', port=443): Max retries exceeded with url: /data/2.5/forecast?lat=4.7676576&lon=7.0188527&appid=484a342888eaf6fb50821ce2824d0f85&units=metric (Caused by NameResolutionError("HTTPSConnection(host='api.openweathermap.org', port=443): Failed to resolve 'api.openweathermap.org' ([Errno 11001] getaddrinfo failed)"))
2026-02-12 08:39:39 | [2026-02-12 08:39:37] Port Harcourt, Rivers, Nigeria | 
2026-02-12 08:39:39 | Weather API error: HTTPSConnectionPool(host='api.openweathermap.org', port=443): Max retries exceeded with url: /data/2.5/weather?lat=7.3786064&lon=3.8969928&appid=484a342888eaf6fb50821ce2824d0f85&units=metric (Caused by NameResolutionError("HTTPSConnection(host='api.openweathermap.org', port=443): Failed to resolve 'api.openweathermap.org' ([Errno 11001] getaddrinfo failed)"))
2026-02-12 08:39:39 | Forecast API error for Ibadan, Oyo, Nigeria: HTTPSConnectionPool(host='api.openweathermap.org', port=443): Max retries exceeded with url: /data/2.5/forecast?lat=7.3786064&lon=3.8969928&appid=484a342888eaf6fb50821ce2824d0f85&units=metric (Caused by NameResolutionError("HTTPSConnection(host='api.openweathermap.org', port=443): Failed to resolve 'api.openweathermap.org' ([Errno 11001] getaddrinfo failed)"))
2026-02-12 08:39:39 | [2026-02-12 08:39:37] Ibadan, Oyo, Nigeria | 
2026-02-12 08:39:39 | Weather API error: HTTPSConnectionPool(host='api.openweathermap.org', port=443): Max retries exceeded with url: /data/2.5/weather?lat=8.894985&lon=11.360042&appid=484a342888eaf6fb50821ce2824d0f85&units=metric (Caused by NameResolutionError("HTTPSConnection(host='api.openweathermap.org', port=443): Failed to resolve 'api.openweathermap.org' ([Errno 11001] getaddrinfo failed)"))
2026-02-12 08:39:39 | Forecast API error for Jalingo, Taraba, Nigeria: HTTPSConnectionPool(host='api.openweathermap.org', port=443): Max retries exceeded with url: /data/2.5/forecast?lat=8.894985&lon=11.360042&appid=484a342888eaf6fb50821ce2824d0f85&units=metric (Caused by NameResolutionError("HTTPSConnection(host='api.openweathermap.org', port=443): Failed to resolve 'api.openweathermap.org' ([Errno 11001] getaddrinfo failed)"))
2026-02-12 08:39:39 | [2026-02-12 08:39:37] Jalingo, Taraba, Nigeria | 
2026-02-12 08:39:39 | Sleeping for 1 hour...
2026-02-12 09:32:21 | [2026-02-12 09:32:15] Umuahia, Abia, Nigeria | Weather: Overcast clouds | Temp: 27.16°C (Feels 29.22°C) | Hum: 71% | Wind: 2.02 m/s | Rain Chance: 30% (LOW Risk)
2026-02-12 09:32:26 | [2026-02-12 09:32:15] Uyo, Akwa Ibom, Nigeria | Weather: Overcast clouds | Temp: 28.59°C (Feels 31.85°C) | Hum: 70% | Wind: 2.13 m/s | Rain Chance: 72% (HIGH Risk)
2026-02-12 09:32:32 | [2026-02-12 09:32:15] Yola, Adamawa, Nigeria | Weather: Clear sky | Temp: 28.99°C (Feels 29.41°C) | Hum: 48% | Wind: 2.06 m/s | Rain Chance: 0% (LOW Risk)
2026-02-12 09:32:37 | [2026-02-12 09:32:15] Awka, Anambra, Nigeria | Weather: Broken clouds | Temp: 29.95°C (Feels 32.16°C) | Hum: 57% | Wind: 2.38 m/s | Rain Chance: 0% (LOW Risk)
2026-02-12 09:32:43 | [2026-02-12 09:32:15] Yenagoa, Bayelsa, Nigeria | Weather: Overcast clouds | Temp: 29.34°C (Feels 33.08°C) | Hum: 68% | Wind: 1.61 m/s | Rain Chance: 62% (MODERATE Risk)
2026-02-12 09:32:47 | [2026-02-12 09:32:15] Makurdi, Benue, Nigeria | Weather: Few clouds | Temp: 31.68°C (Feels 33.79°C) | Hum: 50% | Wind: 2.93 m/s | Rain Chance: 0% (LOW Risk)
2026-02-12 09:32:52 | [2026-02-12 09:32:15] Calabar, Cross River, Nigeria | Weather: Overcast clouds | Temp: 29.31°C (Feels 32.83°C) | Hum: 67% | Wind: 1.78 m/s | Rain Chance: 64% (MODERATE Risk)
2026-02-12 09:32:56 | [2026-02-12 09:32:15] Asaba, Delta, Nigeria | Weather: Overcast clouds | Temp: 30.27°C (Feels 33.14°C) | Hum: 59% | Wind: 2.33 m/s | Rain Chance: 0% (LOW Risk)
2026-02-12 09:33:02 | [2026-02-12 09:32:15] Benin City, Edo, Nigeria | Weather: Broken clouds | Temp: 30.43°C (Feels 34.12°C) | Hum: 62% | Wind: 1.59 m/s | Rain Chance: 23% (LOW Risk)
2026-02-12 09:33:07 | [2026-02-12 09:32:15] Ado Ekiti, Ekiti, Nigeria | Weather: Overcast clouds | Temp: 28.47°C (Feels 29.79°C) | Hum: 57% | Wind: 2.1 m/s | Rain Chance: 0% (LOW Risk)
2026-02-12 09:33:12 | [2026-02-12 09:32:15] Enugu, Enugu, Nigeria | Weather: Few clouds | Temp: 26.74°C (Feels 29.41°C) | Hum: 83% | Wind: 1.03 m/s | Rain Chance: 0% (LOW Risk)
2026-02-12 09:33:17 | [2026-02-12 09:32:15] Dutse, Jigawa, Nigeria | Weather: Overcast clouds | Temp: 28.98°C (Feels 27.36°C) | Hum: 9% | Wind: 4.03 m/s | Rain Chance: 0% (LOW Risk)
2026-02-12 09:33:22 | [2026-02-12 09:32:15] Kaduna, Kaduna, Nigeria | Weather: Overcast clouds | Temp: 28.86°C (Feels 27.41°C) | Hum: 22% | Wind: 2.13 m/s | Rain Chance: 0% (LOW Risk)
2026-02-12 09:33:28 | [2026-02-12 09:32:15] Kano, Kano, Nigeria | Weather: Scattered clouds | Temp: 21.92°C (Feels 20.95°C) | Hum: 30% | Wind: 2.06 m/s | Rain Chance: 0% (LOW Risk)
2026-02-12 09:33:33 | [2026-02-12 09:32:15] Birnin Kebbi, Kebbi, Nigeria | Weather: Scattered clouds | Temp: 32.08°C (Feels 29.86°C) | Hum: 8% | Wind: 5.54 m/s | Rain Chance: 0% (LOW Risk)
2026-02-12 09:33:39 | [2026-02-12 09:32:15] Lokoja, Kogi, Nigeria | Weather: Scattered clouds | Temp: 31.69°C (Feels 34.27°C) | Hum: 52% | Wind: 2.23 m/s | Rain Chance: 0% (LOW Risk)
2026-02-12 09:33:43 | [2026-02-12 09:32:15] Ilorin, Kwara, Nigeria | Weather: Few clouds | Temp: 24.16°C (Feels 24.93°C) | Hum: 88% | Wind: 0 m/s | Rain Chance: 0% (LOW Risk)
2026-02-12 09:33:49 | [2026-02-12 09:32:15] Ikeja, Lagos, Nigeria | Weather: Scattered clouds | Temp: 26.94°C (Feels 30.46°C) | Hum: 89% | Wind: 1.54 m/s | Rain Chance: 6% (LOW Risk)
2026-02-12 09:33:55 | [2026-02-12 09:32:15] Owerri, Imo, Nigeria | Weather: Overcast clouds | Temp: 28.29°C (Feels 30.95°C) | Hum: 68% | Wind: 1.89 m/s | Rain Chance: 18% (LOW Risk)
2026-02-12 09:34:00 | [2026-02-12 09:32:15] Abeokuta, Ogun, Nigeria | Weather: Overcast clouds | Temp: 28.99°C (Feels 31.82°C) | Hum: 65% | Wind: 2 m/s | Rain Chance: 20% (LOW Risk)
2026-02-12 09:34:05 | [2026-02-12 09:32:15] Sagamu, Ogun State, Nigeria | Weather: Overcast clouds | Temp: 30.47°C (Feels 33.53°C) | Hum: 59% | Wind: 1.82 m/s | Rain Chance: 29% (LOW Risk)
2026-02-12 09:34:11 | [2026-02-12 09:32:15] Akure, Ondo, Nigeria | Weather: Broken clouds | Temp: 28.7°C (Feels 30.68°C) | Hum: 61% | Wind: 1.82 m/s | Rain Chance: 9% (LOW Risk)
2026-02-12 09:34:16 | [2026-02-12 09:32:15] Osogbo, Osun, Nigeria | Weather: Overcast clouds | Temp: 27.93°C (Feels 29.35°C) | Hum: 60% | Wind: 2.17 m/s | Rain Chance: 0% (LOW Risk)
2026-02-12 09:34:21 | [2026-02-12 09:32:15] Jos, Plateau, Nigeria | Weather: Few clouds | Temp: 28.23°C (Feels 26.78°C) | Hum: 8% | Wind: 2.72 m/s | Rain Chance: 0% (LOW Risk)
2026-02-12 09:34:27 | [2026-02-12 09:32:15] Port Harcourt, Rivers, Nigeria | Weather: Overcast clouds | Temp: 27.12°C (Feels 29.42°C) | Hum: 74% | Wind: 1.31 m/s | Rain Chance: 71% (HIGH Risk)
2026-02-12 09:34:31 | [2026-02-12 09:32:15] Ibadan, Oyo, Nigeria | Weather: Scattered clouds | Temp: 27.04°C (Feels 30.12°C) | Hum: 83% | Wind: 2.57 m/s | Rain Chance: 1% (LOW Risk)
2026-02-12 09:34:37 | [2026-02-12 09:32:15] Jalingo, Taraba, Nigeria | Weather: Broken clouds | Temp: 32.62°C (Feels 30.51°C) | Hum: 19% | Wind: 2.7 m/s | Rain Chance: 0% (LOW Risk)
2026-02-12 09:34:37 | Sleeping for 1 hour...
2026-02-12 09:48:09 | [2026-02-12 09:48:07] Umuahia, Abia, Nigeria | Weather: 27.16°C (Feels 29.22°C) | Overcast clouds | Humidity 71% | Wind 2.02 m/s | Clouds 100% | Rain Chance: 30% | Risk: LOW
2026-02-12 09:48:12 | [2026-02-12 09:48:07] Uyo, Akwa Ibom, Nigeria | Weather: 28.59°C (Feels 31.85°C) | Overcast clouds | Humidity 70% | Wind 2.13 m/s | Clouds 100% | Rain Chance: 72% | Risk: HIGH
2026-02-12 09:48:15 | [2026-02-12 09:48:07] Yola, Adamawa, Nigeria | Weather: 28.99°C (Feels 29.41°C) | Clear sky | Humidity 48% | Wind 2.06 m/s | Clouds 0% | Rain Chance: 0% | Risk: LOW
2026-02-12 09:48:17 | [2026-02-12 09:48:07] Awka, Anambra, Nigeria | Weather: 29.95°C (Feels 32.16°C) | Broken clouds | Humidity 57% | Wind 2.38 m/s | Clouds 74% | Rain Chance: 0% | Risk: LOW
2026-02-12 09:48:20 | [2026-02-12 09:48:07] Yenagoa, Bayelsa, Nigeria | Weather: 29.34°C (Feels 33.08°C) | Overcast clouds | Humidity 68% | Wind 1.61 m/s | Clouds 100% | Rain Chance: 62% | Risk: MODERATE
2026-02-12 09:48:23 | [2026-02-12 09:48:07] Makurdi, Benue, Nigeria | Weather: 31.68°C (Feels 33.79°C) | Few clouds | Humidity 50% | Wind 2.93 m/s | Clouds 16% | Rain Chance: 0% | Risk: LOW
2026-02-12 09:48:26 | [2026-02-12 09:48:07] Calabar, Cross River, Nigeria | Weather: 29.31°C (Feels 32.83°C) | Overcast clouds | Humidity 67% | Wind 1.78 m/s | Clouds 100% | Rain Chance: 64% | Risk: MODERATE
2026-02-12 09:48:28 | [2026-02-12 09:48:07] Asaba, Delta, Nigeria | Weather: 30.27°C (Feels 33.14°C) | Overcast clouds | Humidity 59% | Wind 2.33 m/s | Clouds 92% | Rain Chance: 0% | Risk: LOW
2026-02-12 09:48:31 | [2026-02-12 09:48:07] Benin City, Edo, Nigeria | Weather: 30.43°C (Feels 34.12°C) | Broken clouds | Humidity 62% | Wind 1.59 m/s | Clouds 61% | Rain Chance: 23% | Risk: LOW
2026-02-12 09:48:34 | [2026-02-12 09:48:07] Ado Ekiti, Ekiti, Nigeria | Weather: 28.47°C (Feels 29.79°C) | Overcast clouds | Humidity 57% | Wind 2.1 m/s | Clouds 87% | Rain Chance: 0% | Risk: LOW
2026-02-12 09:48:37 | [2026-02-12 09:48:07] Enugu, Enugu, Nigeria | Weather: 26.74°C (Feels 29.41°C) | Few clouds | Humidity 83% | Wind 1.03 m/s | Clouds 20% | Rain Chance: 0% | Risk: LOW
2026-02-12 09:48:39 | [2026-02-12 09:48:07] Dutse, Jigawa, Nigeria | Weather: 28.98°C (Feels 27.36°C) | Overcast clouds | Humidity 9% | Wind 4.03 m/s | Clouds 99% | Rain Chance: 0% | Risk: LOW
2026-02-12 09:48:43 | [2026-02-12 09:48:07] Kaduna, Kaduna, Nigeria | Weather: 28.86°C (Feels 27.41°C) | Overcast clouds | Humidity 22% | Wind 2.13 m/s | Clouds 100% | Rain Chance: 0% | Risk: LOW
2026-02-12 09:48:46 | [2026-02-12 09:48:07] Kano, Kano, Nigeria | Weather: 21.92°C (Feels 20.95°C) | Scattered clouds | Humidity 30% | Wind 2.06 m/s | Clouds 50% | Rain Chance: 0% | Risk: LOW
2026-02-12 09:48:49 | [2026-02-12 09:48:07] Birnin Kebbi, Kebbi, Nigeria | Weather: 32.08°C (Feels 29.86°C) | Scattered clouds | Humidity 8% | Wind 5.54 m/s | Clouds 44% | Rain Chance: 0% | Risk: LOW
2026-02-12 09:48:52 | [2026-02-12 09:48:07] Lokoja, Kogi, Nigeria | Weather: 31.69°C (Feels 34.27°C) | Scattered clouds | Humidity 52% | Wind 2.23 m/s | Clouds 43% | Rain Chance: 0% | Risk: LOW
2026-02-12 09:48:55 | [2026-02-12 09:48:07] Ilorin, Kwara, Nigeria | Weather: 24.16°C (Feels 24.93°C) | Few clouds | Humidity 88% | Wind 0 m/s | Clouds 20% | Rain Chance: 0% | Risk: LOW
2026-02-12 09:48:58 | [2026-02-12 09:48:07] Ikeja, Lagos, Nigeria | Weather: 26.94°C (Feels 30.46°C) | Scattered clouds | Humidity 89% | Wind 1.54 m/s | Clouds 40% | Rain Chance: 6% | Risk: LOW
2026-02-12 09:49:01 | [2026-02-12 09:48:07] Owerri, Imo, Nigeria | Weather: 28.29°C (Feels 30.95°C) | Overcast clouds | Humidity 68% | Wind 1.89 m/s | Clouds 100% | Rain Chance: 18% | Risk: LOW
2026-02-12 09:49:04 | [2026-02-12 09:48:07] Abeokuta, Ogun, Nigeria | Weather: 28.99°C (Feels 31.82°C) | Overcast clouds | Humidity 65% | Wind 2 m/s | Clouds 100% | Rain Chance: 20% | Risk: LOW
2026-02-12 09:49:07 | [2026-02-12 09:48:07] Sagamu, Ogun State, Nigeria | Weather: 30.47°C (Feels 33.53°C) | Overcast clouds | Humidity 59% | Wind 1.82 m/s | Clouds 89% | Rain Chance: 29% | Risk: LOW
2026-02-12 09:49:10 | [2026-02-12 09:48:07] Akure, Ondo, Nigeria | Weather: 28.7°C (Feels 30.68°C) | Broken clouds | Humidity 61% | Wind 1.82 m/s | Clouds 69% | Rain Chance: 9% | Risk: LOW
2026-02-12 09:49:13 | [2026-02-12 09:48:07] Osogbo, Osun, Nigeria | Weather: 27.93°C (Feels 29.35°C) | Overcast clouds | Humidity 60% | Wind 2.17 m/s | Clouds 87% | Rain Chance: 0% | Risk: LOW
2026-02-12 09:49:15 | [2026-02-12 09:48:07] Jos, Plateau, Nigeria | Weather: 28.23°C (Feels 26.78°C) | Few clouds | Humidity 8% | Wind 2.72 m/s | Clouds 19% | Rain Chance: 0% | Risk: LOW
2026-02-12 09:49:18 | [2026-02-12 09:48:07] Port Harcourt, Rivers, Nigeria | Weather: 27.12°C (Feels 29.42°C) | Overcast clouds | Humidity 74% | Wind 1.31 m/s | Clouds 100% | Rain Chance: 71% | Risk: HIGH
2026-02-12 09:49:21 | [2026-02-12 09:48:07] Ibadan, Oyo, Nigeria | Weather: 27.04°C (Feels 30.12°C) | Scattered clouds | Humidity 83% | Wind 2.57 m/s | Clouds 40% | Rain Chance: 1% | Risk: LOW
2026-02-12 09:49:24 | [2026-02-12 09:48:07] Jalingo, Taraba, Nigeria | Weather: 32.62°C (Feels 30.51°C) | Broken clouds | Humidity 19% | Wind 2.7 m/s | Clouds 54% | Rain Chance: 0% | Risk: LOW
2026-02-12 10:05:16 | INFO | Umuahia, Abia, Nigeria: 27.16°C (Feels 29.22°C), Overcast clouds. Hum: 71%, Wind: 2.02m/s, Clouds: 100%. Rain Prob: 30% (LOW Risk)
2026-02-12 10:05:22 | INFO | Uyo, Akwa Ibom, Nigeria: 28.59°C (Feels 31.85°C), Overcast clouds. Hum: 70%, Wind: 2.13m/s, Clouds: 100%. Rain Prob: 72% (HIGH Risk)
2026-02-12 10:05:27 | INFO | Yola, Adamawa, Nigeria: 28.99°C (Feels 29.41°C), Clear sky. Hum: 48%, Wind: 2.06m/s, Clouds: 0%. Rain Prob: 0% (LOW Risk)
2026-02-12 10:05:33 | INFO | Awka, Anambra, Nigeria: 29.95°C (Feels 32.16°C), Broken clouds. Hum: 57%, Wind: 2.38m/s, Clouds: 74%. Rain Prob: 20% (LOW Risk)
2026-02-12 10:05:38 | INFO | Yenagoa, Bayelsa, Nigeria: 29.34°C (Feels 33.08°C), Overcast clouds. Hum: 68%, Wind: 1.61m/s, Clouds: 100%. Rain Prob: 62% (MODERATE Risk)
2026-02-12 10:05:43 | INFO | Makurdi, Benue, Nigeria: 31.68°C (Feels 33.79°C), Few clouds. Hum: 50%, Wind: 2.93m/s, Clouds: 16%. Rain Prob: 0% (LOW Risk)
2026-02-12 10:05:50 | INFO | Calabar, Cross River, Nigeria: 29.31°C (Feels 32.83°C), Overcast clouds. Hum: 67%, Wind: 1.78m/s, Clouds: 100%. Rain Prob: 64% (MODERATE Risk)
2026-02-12 10:05:56 | INFO | Asaba, Delta, Nigeria: 30.27°C (Feels 33.14°C), Overcast clouds. Hum: 59%, Wind: 2.33m/s, Clouds: 92%. Rain Prob: 28% (LOW Risk)
2026-02-12 10:06:00 | INFO | Benin City, Edo, Nigeria: 30.43°C (Feels 34.12°C), Broken clouds. Hum: 62%, Wind: 1.59m/s, Clouds: 61%. Rain Prob: 30% (LOW Risk)
2026-02-12 10:06:07 | INFO | Ado Ekiti, Ekiti, Nigeria: 28.47°C (Feels 29.79°C), Overcast clouds. Hum: 57%, Wind: 2.1m/s, Clouds: 87%. Rain Prob: 0% (LOW Risk)
2026-02-12 10:06:11 | INFO | Enugu, Enugu, Nigeria: 26.74°C (Feels 29.41°C), Few clouds. Hum: 83%, Wind: 1.03m/s, Clouds: 20%. Rain Prob: 14% (LOW Risk)
2026-02-12 10:06:16 | INFO | Dutse, Jigawa, Nigeria: 28.98°C (Feels 27.36°C), Overcast clouds. Hum: 9%, Wind: 4.03m/s, Clouds: 99%. Rain Prob: 0% (LOW Risk)
2026-02-12 10:06:21 | INFO | Kaduna, Kaduna, Nigeria: 28.86°C (Feels 27.41°C), Overcast clouds. Hum: 22%, Wind: 2.13m/s, Clouds: 100%. Rain Prob: 0% (LOW Risk)
2026-02-12 10:06:25 | INFO | Kano, Kano, Nigeria: 21.92°C (Feels 20.95°C), Scattered clouds. Hum: 30%, Wind: 2.06m/s, Clouds: 50%. Rain Prob: 0% (LOW Risk)
2026-02-12 10:06:29 | INFO | Birnin Kebbi, Kebbi, Nigeria: 32.08°C (Feels 29.86°C), Scattered clouds. Hum: 8%, Wind: 5.54m/s, Clouds: 44%. Rain Prob: 0% (LOW Risk)
2026-02-12 10:06:35 | INFO | Lokoja, Kogi, Nigeria: 31.69°C (Feels 34.27°C), Scattered clouds. Hum: 52%, Wind: 2.23m/s, Clouds: 43%. Rain Prob: 13% (LOW Risk)
2026-02-12 10:06:41 | INFO | Ilorin, Kwara, Nigeria: 24.16°C (Feels 24.93°C), Few clouds. Hum: 88%, Wind: 0m/s, Clouds: 20%. Rain Prob: 0% (LOW Risk)
2026-02-12 10:06:46 | INFO | Ikeja, Lagos, Nigeria: 29.51°C (Feels 32.66°C), Broken clouds. Hum: 64%, Wind: 2.86m/s, Clouds: 82%. Rain Prob: 32% (LOW Risk)
2026-02-12 10:06:50 | INFO | Owerri, Imo, Nigeria: 28.29°C (Feels 30.95°C), Overcast clouds. Hum: 68%, Wind: 1.89m/s, Clouds: 100%. Rain Prob: 18% (LOW Risk)
2026-02-12 10:06:56 | INFO | Abeokuta, Ogun, Nigeria: 28.99°C (Feels 31.82°C), Overcast clouds. Hum: 65%, Wind: 2m/s, Clouds: 100%. Rain Prob: 20% (LOW Risk)
2026-02-12 10:07:02 | INFO | Sagamu, Ogun State, Nigeria: 30.47°C (Feels 33.53°C), Overcast clouds. Hum: 59%, Wind: 1.82m/s, Clouds: 89%. Rain Prob: 29% (LOW Risk)
2026-02-12 10:07:07 | INFO | Akure, Ondo, Nigeria: 28.7°C (Feels 30.68°C), Broken clouds. Hum: 61%, Wind: 1.82m/s, Clouds: 69%. Rain Prob: 9% (LOW Risk)
2026-02-12 10:07:13 | INFO | Osogbo, Osun, Nigeria: 27.93°C (Feels 29.35°C), Overcast clouds. Hum: 60%, Wind: 2.17m/s, Clouds: 87%. Rain Prob: 0% (LOW Risk)
2026-02-12 10:07:19 | INFO | Jos, Plateau, Nigeria: 28.23°C (Feels 26.78°C), Few clouds. Hum: 8%, Wind: 2.72m/s, Clouds: 19%. Rain Prob: 0% (LOW Risk)
2026-02-12 10:07:23 | INFO | Port Harcourt, Rivers, Nigeria: 27.12°C (Feels 29.42°C), Overcast clouds. Hum: 74%, Wind: 1.31m/s, Clouds: 100%. Rain Prob: 71% (HIGH Risk)
2026-02-12 10:07:29 | INFO | Ibadan, Oyo, Nigeria: 28.69°C (Feels 30.8°C), Overcast clouds. Hum: 62%, Wind: 1.96m/s, Clouds: 94%. Rain Prob: 2% (LOW Risk)
2026-02-12 10:07:36 | INFO | Jalingo, Taraba, Nigeria: 32.62°C (Feels 30.51°C), Broken clouds. Hum: 19%, Wind: 2.7m/s, Clouds: 54%. Rain Prob: 0% (LOW Risk)
2026-02-12 10:07:36 | INFO | Cycle complete. Sleeping for 3454 seconds.
2026-02-12 10:09:21 | Unexpected error: 'rain_probability'
2026-02-12 10:34:39 | Unexpected error: 'rain_probability'
2026-02-12 11:05:12 | INFO | Umuahia, Abia, Nigeria: 30.37°C (Feels 32.92°C), Overcast clouds. Hum: 57%, Wind: 2.57m/s, Clouds: 97%. Rain Prob: 30% (LOW Risk)
2026-02-12 11:05:13 | INFO | Uyo, Akwa Ibom, Nigeria: 30.97°C (Feels 34.54°C), Overcast clouds. Hum: 59%, Wind: 2.46m/s, Clouds: 100%. Rain Prob: 72% (HIGH Risk)
2026-02-12 11:05:15 | INFO | Yola, Adamawa, Nigeria: 31.99°C (Feels 33.88°C), Clear sky. Hum: 48%, Wind: 3.6m/s, Clouds: 0%. Rain Prob: 0% (LOW Risk)
2026-02-12 11:05:17 | INFO | Awka, Anambra, Nigeria: 32°C (Feels 34.13°C), Broken clouds. Hum: 49%, Wind: 2.32m/s, Clouds: 63%. Rain Prob: 20% (LOW Risk)
2026-02-12 11:05:18 | INFO | Yenagoa, Bayelsa, Nigeria: 30.81°C (Feels 34.45°C), Overcast clouds. Hum: 60%, Wind: 1.57m/s, Clouds: 100%. Rain Prob: 62% (MODERATE Risk)
2026-02-12 11:05:20 | INFO | Makurdi, Benue, Nigeria: 33.79°C (Feels 35.58°C), Scattered clouds. Hum: 42%, Wind: 2.34m/s, Clouds: 36%. Rain Prob: 0% (LOW Risk)
2026-02-12 11:05:21 | INFO | Calabar, Cross River, Nigeria: 31.24°C (Feels 34.85°C), Overcast clouds. Hum: 58%, Wind: 1.92m/s, Clouds: 99%. Rain Prob: 64% (MODERATE Risk)
2026-02-12 11:05:23 | INFO | Asaba, Delta, Nigeria: 32.08°C (Feels 35.01°C), Overcast clouds. Hum: 52%, Wind: 2.38m/s, Clouds: 94%. Rain Prob: 28% (LOW Risk)
2026-02-12 11:05:24 | INFO | Benin City, Edo, Nigeria: 32.42°C (Feels 35.96°C), Broken clouds. Hum: 53%, Wind: 1.58m/s, Clouds: 65%. Rain Prob: 30% (LOW Risk)
2026-02-12 11:05:26 | INFO | Ado Ekiti, Ekiti, Nigeria: 31.1°C (Feels 32.21°C), Broken clouds. Hum: 47%, Wind: 1.79m/s, Clouds: 83%. Rain Prob: 0% (LOW Risk)
2026-02-12 11:05:28 | INFO | Enugu, Enugu, Nigeria: 28.74°C (Feels 32.17°C), Scattered clouds. Hum: 70%, Wind: 3.6m/s, Clouds: 40%. Rain Prob: 14% (LOW Risk)
2026-02-12 11:05:29 | INFO | Dutse, Jigawa, Nigeria: 31.59°C (Feels 29.49°C), Overcast clouds. Hum: 7%, Wind: 4.54m/s, Clouds: 99%. Rain Prob: 0% (LOW Risk)
2026-02-12 11:05:31 | INFO | Kaduna, Kaduna, Nigeria: 31.26°C (Feels 29.23°C), Overcast clouds. Hum: 18%, Wind: 2.22m/s, Clouds: 100%. Rain Prob: 0% (LOW Risk)
2026-02-12 11:05:32 | INFO | Kano, Kano, Nigeria: 28.92°C (Feels 27.43°C), Scattered clouds. Hum: 21%, Wind: 8.23m/s, Clouds: 47%. Rain Prob: 0% (LOW Risk)
2026-02-12 11:05:34 | INFO | Birnin Kebbi, Kebbi, Nigeria: 34.72°C (Feels 32.06°C), Broken clouds. Hum: 7%, Wind: 5.5m/s, Clouds: 52%. Rain Prob: 0% (LOW Risk)
2026-02-12 11:05:35 | INFO | Lokoja, Kogi, Nigeria: 34.43°C (Feels 36.75°C), Scattered clouds. Hum: 42%, Wind: 1.85m/s, Clouds: 44%. Rain Prob: 13% (LOW Risk)
2026-02-12 11:05:36 | INFO | Ilorin, Kwara, Nigeria: 26.16°C (Feels 26.16°C), Few clouds. Hum: 83%, Wind: 4.63m/s, Clouds: 20%. Rain Prob: 0% (LOW Risk)
2026-02-12 11:05:38 | INFO | Ikeja, Lagos, Nigeria: 28.94°C (Feels 34.36°C), Broken clouds. Hum: 79%, Wind: 1.54m/s, Clouds: 75%. Rain Prob: 32% (LOW Risk)
2026-02-12 11:05:39 | INFO | Owerri, Imo, Nigeria: 29.65°C (Feels 32.36°C), Overcast clouds. Hum: 61%, Wind: 1.88m/s, Clouds: 100%. Rain Prob: 18% (LOW Risk)
2026-02-12 11:05:41 | INFO | Abeokuta, Ogun, Nigeria: 31.02°C (Feels 33.7°C), Overcast clouds. Hum: 55%, Wind: 1.84m/s, Clouds: 96%. Rain Prob: 20% (LOW Risk)
2026-02-12 11:05:42 | INFO | Sagamu, Ogun State, Nigeria: 32.64°C (Feels 35.85°C), Broken clouds. Hum: 51%, Wind: 1.82m/s, Clouds: 74%. Rain Prob: 29% (LOW Risk)
2026-02-12 11:05:44 | INFO | Akure, Ondo, Nigeria: 31.15°C (Feels 33.07°C), Broken clouds. Hum: 51%, Wind: 1.67m/s, Clouds: 76%. Rain Prob: 9% (LOW Risk)
2026-02-12 11:05:45 | INFO | Osogbo, Osun, Nigeria: 30.57°C (Feels 31.92°C), Broken clouds. Hum: 50%, Wind: 1.88m/s, Clouds: 80%. Rain Prob: 0% (LOW Risk)
2026-02-12 11:05:47 | INFO | Jos, Plateau, Nigeria: 29.78°C (Feels 28°C), Few clouds. Hum: 8%, Wind: 3.32m/s, Clouds: 19%. Rain Prob: 0% (LOW Risk)
2026-02-12 11:05:49 | INFO | Port Harcourt, Rivers, Nigeria: 28.12°C (Feels 30.36°C), Overcast clouds. Hum: 66%, Wind: 2.38m/s, Clouds: 100%. Rain Prob: 71% (HIGH Risk)
2026-02-12 11:05:51 | INFO | Ibadan, Oyo, Nigeria: 31.07°C (Feels 33.36°C), Overcast clouds. Hum: 53%, Wind: 1.62m/s, Clouds: 89%. Rain Prob: 2% (LOW Risk)
2026-02-12 11:05:53 | INFO | Jalingo, Taraba, Nigeria: 34.72°C (Feels 32.53°C), Scattered clouds. Hum: 18%, Wind: 2.82m/s, Clouds: 49%. Rain Prob: 0% (LOW Risk)
2026-02-12 11:05:53 | INFO | Cycle complete. Sleeping for 3557 seconds.
